<?xml version="1.0" encoding="UTF-8"?>
<coverage generated="1771973381407" clover="3.2.0">
  <project timestamp="1771973381408" name="All files">
    <metrics statements="47" coveredstatements="47" conditionals="22" coveredconditionals="22" methods="9" coveredmethods="9" elements="78" coveredelements="78" complexity="0" loc="47" ncloc="47" packages="1" files="2" classes="2"/>
    <file name="coordinates.ts" path="/Users/keilaloia/Documents/react-native-sortable-grid/src/math/coordinates.ts">
      <metrics statements="41" coveredstatements="41" conditionals="22" coveredconditionals="22" methods="6" coveredmethods="6"/>
      <line num="6" count="1" type="stmt"/>
      <line num="7" count="13" type="stmt"/>
      <line num="16" count="1" type="stmt"/>
      <line num="17" count="5" type="stmt"/>
      <line num="19" count="5" type="cond" truecount="4" falsecount="0"/>
      <line num="20" count="1" type="stmt"/>
      <line num="24" count="4" type="stmt"/>
      <line num="27" count="4" type="stmt"/>
      <line num="30" count="4" type="stmt"/>
      <line num="31" count="4" type="stmt"/>
      <line num="34" count="4" type="stmt"/>
      <line num="37" count="4" type="stmt"/>
      <line num="38" count="4" type="stmt"/>
      <line num="40" count="4" type="stmt"/>
      <line num="51" count="1" type="stmt"/>
      <line num="52" count="8" type="stmt"/>
      <line num="55" count="8" type="stmt"/>
      <line num="58" count="8" type="stmt"/>
      <line num="61" count="8" type="cond" truecount="4" falsecount="0"/>
      <line num="62" count="1" type="stmt"/>
      <line num="65" count="7" type="stmt"/>
      <line num="68" count="7" type="stmt"/>
      <line num="71" count="7" type="stmt"/>
      <line num="74" count="7" type="cond" truecount="6" falsecount="0"/>
      <line num="75" count="1" type="stmt"/>
      <line num="79" count="6" type="stmt"/>
      <line num="80" count="6" type="stmt"/>
      <line num="83" count="6" type="cond" truecount="2" falsecount="0"/>
      <line num="84" count="1" type="stmt"/>
      <line num="88" count="5" type="cond" truecount="2" falsecount="0"/>
      <line num="89" count="1" type="stmt"/>
      <line num="92" count="4" type="stmt"/>
      <line num="95" count="4" type="cond" truecount="4" falsecount="0"/>
      <line num="96" count="1" type="stmt"/>
      <line num="99" count="3" type="stmt"/>
      <line num="107" count="1" type="stmt"/>
      <line num="108" count="3" type="stmt"/>
      <line num="109" count="3" type="stmt"/>
      <line num="111" count="3" type="stmt"/>
      <line num="118" count="1" type="stmt"/>
      <line num="119" count="5" type="stmt"/>
    </file>
    <file name="spring-configs.ts" path="/Users/keilaloia/Documents/react-native-sortable-grid/src/math/spring-configs.ts">
      <metrics statements="6" coveredstatements="6" conditionals="0" coveredconditionals="0" methods="3" coveredmethods="3"/>
      <line num="7" count="1" type="stmt"/>
      <line num="8" count="1" type="stmt"/>
      <line num="22" count="1" type="stmt"/>
      <line num="23" count="1" type="stmt"/>
      <line num="37" count="1" type="stmt"/>
      <line num="38" count="1" type="stmt"/>
    </file>
  </project>
</coverage>
