{"/Users/keilaloia/Documents/react-native-sortable-grid/src/math/coordinates.ts": {"path":"/Users/keilaloia/Documents/react-native-sortable-grid/src/math/coordinates.ts","statementMap":{"0":{"start":{"line":6,"column":31},"end":{"line":8,"column":1}},"1":{"start":{"line":7,"column":2},"end":{"line":7,"column":52}},"2":{"start":{"line":16,"column":41},"end":{"line":41,"column":1}},"3":{"start":{"line":17,"column":23},"end":{"line":17,"column":46}},"4":{"start":{"line":19,"column":2},"end":{"line":21,"column":3}},"5":{"start":{"line":20,"column":4},"end":{"line":20,"column":52}},"6":{"start":{"line":24,"column":20},"end":{"line":24,"column":52}},"7":{"start":{"line":27,"column":22},"end":{"line":27,"column":42}},"8":{"start":{"line":30,"column":14},"end":{"line":30,"column":61}},"9":{"start":{"line":31,"column":14},"end":{"line":31,"column":49}},"10":{"start":{"line":34,"column":22},"end":{"line":34,"column":53}},"11":{"start":{"line":37,"column":12},"end":{"line":37,"column":83}},"12":{"start":{"line":38,"column":12},"end":{"line":38,"column":67}},"13":{"start":{"line":40,"column":2},"end":{"line":40,"column":18}},"14":{"start":{"line":51,"column":31},"end":{"line":100,"column":1}},"15":{"start":{"line":52,"column":19},"end":{"line":52,"column":27}},"16":{"start":{"line":55,"column":20},"end":{"line":55,"column":55}},"17":{"start":{"line":58,"column":17},"end":{"line":58,"column":54}},"18":{"start":{"line":61,"column":2},"end":{"line":63,"column":3}},"19":{"start":{"line":62,"column":4},"end":{"line":62,"column":14}},"20":{"start":{"line":65,"column":23},"end":{"line":65,"column":46}},"21":{"start":{"line":68,"column":17},"end":{"line":68,"column":91}},"22":{"start":{"line":71,"column":17},"end":{"line":71,"column":84}},"23":{"start":{"line":74,"column":2},"end":{"line":76,"column":3}},"24":{"start":{"line":75,"column":4},"end":{"line":75,"column":14}},"25":{"start":{"line":79,"column":19},"end":{"line":79,"column":79}},"26":{"start":{"line":80,"column":18},"end":{"line":80,"column":76}},"27":{"start":{"line":83,"column":2},"end":{"line":85,"column":3}},"28":{"start":{"line":84,"column":4},"end":{"line":84,"column":14}},"29":{"start":{"line":88,"column":2},"end":{"line":90,"column":3}},"30":{"start":{"line":89,"column":4},"end":{"line":89,"column":14}},"31":{"start":{"line":92,"column":22},"end":{"line":92,"column":92}},"32":{"start":{"line":95,"column":2},"end":{"line":97,"column":3}},"33":{"start":{"line":96,"column":4},"end":{"line":96,"column":14}},"34":{"start":{"line":99,"column":2},"end":{"line":99,"column":21}},"35":{"start":{"line":107,"column":41},"end":{"line":112,"column":1}},"36":{"start":{"line":108,"column":19},"end":{"line":108,"column":115}},"37":{"start":{"line":109,"column":19},"end":{"line":109,"column":117}},"38":{"start":{"line":111,"column":2},"end":{"line":111,"column":29}},"39":{"start":{"line":118,"column":33},"end":{"line":120,"column":1}},"40":{"start":{"line":119,"column":2},"end":{"line":119,"column":45}},"41":{"start":{"line":119,"column":42},"end":{"line":119,"column":43}}},"fnMap":{"0":{"name":"(anonymous_0)","decl":{"start":{"line":6,"column":31},"end":{"line":6,"column":32}},"loc":{"start":{"line":6,"column":63},"end":{"line":8,"column":1}},"line":6},"1":{"name":"(anonymous_1)","decl":{"start":{"line":16,"column":41},"end":{"line":16,"column":42}},"loc":{"start":{"line":16,"column":90},"end":{"line":41,"column":1}},"line":16},"2":{"name":"(anonymous_2)","decl":{"start":{"line":51,"column":31},"end":{"line":51,"column":32}},"loc":{"start":{"line":51,"column":103},"end":{"line":100,"column":1}},"line":51},"3":{"name":"(anonymous_3)","decl":{"start":{"line":107,"column":41},"end":{"line":107,"column":42}},"loc":{"start":{"line":107,"column":79},"end":{"line":112,"column":1}},"line":107},"4":{"name":"(anonymous_4)","decl":{"start":{"line":118,"column":33},"end":{"line":118,"column":34}},"loc":{"start":{"line":118,"column":63},"end":{"line":120,"column":1}},"line":118},"5":{"name":"(anonymous_5)","decl":{"start":{"line":119,"column":32},"end":{"line":119,"column":33}},"loc":{"start":{"line":119,"column":42},"end":{"line":119,"column":43}},"line":119}},"branchMap":{"0":{"loc":{"start":{"line":19,"column":2},"end":{"line":21,"column":3}},"type":"if","locations":[{"start":{"line":19,"column":2},"end":{"line":21,"column":3}},{"start":{},"end":{}}],"line":19},"1":{"loc":{"start":{"line":19,"column":6},"end":{"line":19,"column":36}},"type":"binary-expr","locations":[{"start":{"line":19,"column":6},"end":{"line":19,"column":23}},{"start":{"line":19,"column":27},"end":{"line":19,"column":36}}],"line":19},"2":{"loc":{"start":{"line":61,"column":2},"end":{"line":63,"column":3}},"type":"if","locations":[{"start":{"line":61,"column":2},"end":{"line":63,"column":3}},{"start":{},"end":{}}],"line":61},"3":{"loc":{"start":{"line":61,"column":6},"end":{"line":61,"column":51}},"type":"binary-expr","locations":[{"start":{"line":61,"column":6},"end":{"line":61,"column":29}},{"start":{"line":61,"column":33},"end":{"line":61,"column":51}}],"line":61},"4":{"loc":{"start":{"line":74,"column":2},"end":{"line":76,"column":3}},"type":"if","locations":[{"start":{"line":74,"column":2},"end":{"line":76,"column":3}},{"start":{},"end":{}}],"line":74},"5":{"loc":{"start":{"line":74,"column":6},"end":{"line":74,"column":97}},"type":"binary-expr","locations":[{"start":{"line":74,"column":6},"end":{"line":74,"column":16}},{"start":{"line":74,"column":20},"end":{"line":74,"column":51}},{"start":{"line":74,"column":55},"end":{"line":74,"column":65}},{"start":{"line":74,"column":69},"end":{"line":74,"column":97}}],"line":74},"6":{"loc":{"start":{"line":83,"column":2},"end":{"line":85,"column":3}},"type":"if","locations":[{"start":{"line":83,"column":2},"end":{"line":85,"column":3}},{"start":{},"end":{}}],"line":83},"7":{"loc":{"start":{"line":88,"column":2},"end":{"line":90,"column":3}},"type":"if","locations":[{"start":{"line":88,"column":2},"end":{"line":90,"column":3}},{"start":{},"end":{}}],"line":88},"8":{"loc":{"start":{"line":95,"column":2},"end":{"line":97,"column":3}},"type":"if","locations":[{"start":{"line":95,"column":2},"end":{"line":97,"column":3}},{"start":{},"end":{}}],"line":95},"9":{"loc":{"start":{"line":95,"column":6},"end":{"line":95,"column":50}},"type":"binary-expr","locations":[{"start":{"line":95,"column":6},"end":{"line":95,"column":31}},{"start":{"line":95,"column":35},"end":{"line":95,"column":50}}],"line":95}},"s":{"0":1,"1":13,"2":1,"3":5,"4":5,"5":1,"6":4,"7":4,"8":4,"9":4,"10":4,"11":4,"12":4,"13":4,"14":1,"15":8,"16":8,"17":8,"18":8,"19":1,"20":7,"21":7,"22":7,"23":7,"24":1,"25":6,"26":6,"27":6,"28":1,"29":5,"30":1,"31":4,"32":4,"33":1,"34":3,"35":1,"36":3,"37":3,"38":3,"39":1,"40":2,"41":5},"f":{"0":13,"1":5,"2":8,"3":3,"4":2,"5":5},"b":{"0":[1,4],"1":[5,5],"2":[1,7],"3":[8,7],"4":[1,6],"5":[7,7,6,6],"6":[1,5],"7":[1,4],"8":[1,3],"9":[4,3]},"_coverageSchema":"1a1c01bbd47fc00a2c39e90264f33305004495a9","hash":"8e0ff71d22c8e88e13d6d420c9f36df04189feb3"}
,"/Users/keilaloia/Documents/react-native-sortable-grid/src/math/spring-configs.ts": {"path":"/Users/keilaloia/Documents/react-native-sortable-grid/src/math/spring-configs.ts","statementMap":{"0":{"start":{"line":7,"column":42},"end":{"line":16,"column":1}},"1":{"start":{"line":8,"column":2},"end":{"line":15,"column":4}},"2":{"start":{"line":22,"column":38},"end":{"line":31,"column":1}},"3":{"start":{"line":23,"column":2},"end":{"line":30,"column":4}},"4":{"start":{"line":37,"column":40},"end":{"line":47,"column":1}},"5":{"start":{"line":38,"column":2},"end":{"line":46,"column":4}}},"fnMap":{"0":{"name":"(anonymous_0)","decl":{"start":{"line":7,"column":42},"end":{"line":7,"column":43}},"loc":{"start":{"line":7,"column":96},"end":{"line":16,"column":1}},"line":7},"1":{"name":"(anonymous_1)","decl":{"start":{"line":22,"column":38},"end":{"line":22,"column":39}},"loc":{"start":{"line":22,"column":79},"end":{"line":31,"column":1}},"line":22},"2":{"name":"(anonymous_2)","decl":{"start":{"line":37,"column":40},"end":{"line":37,"column":41}},"loc":{"start":{"line":37,"column":60},"end":{"line":47,"column":1}},"line":37}},"branchMap":{},"s":{"0":1,"1":1,"2":1,"3":1,"4":1,"5":1},"f":{"0":1,"1":1,"2":1},"b":{},"_coverageSchema":"1a1c01bbd47fc00a2c39e90264f33305004495a9","hash":"58c3a3ffac115016828390bfc76004ab336f5848"}
}
