TN:
SF:src/math/coordinates.ts
FN:6,(anonymous_0)
FN:16,(anonymous_1)
FN:51,(anonymous_2)
FN:107,(anonymous_3)
FN:118,(anonymous_4)
FN:119,(anonymous_5)
FNF:6
FNH:6
FNDA:13,(anonymous_0)
FNDA:5,(anonymous_1)
FNDA:8,(anonymous_2)
FNDA:3,(anonymous_3)
FNDA:2,(anonymous_4)
FNDA:5,(anonymous_5)
DA:6,1
DA:7,13
DA:16,1
DA:17,5
DA:19,5
DA:20,1
DA:24,4
DA:27,4
DA:30,4
DA:31,4
DA:34,4
DA:37,4
DA:38,4
DA:40,4
DA:51,1
DA:52,8
DA:55,8
DA:58,8
DA:61,8
DA:62,1
DA:65,7
DA:68,7
DA:71,7
DA:74,7
DA:75,1
DA:79,6
DA:80,6
DA:83,6
DA:84,1
DA:88,5
DA:89,1
DA:92,4
DA:95,4
DA:96,1
DA:99,3
DA:107,1
DA:108,3
DA:109,3
DA:111,3
DA:118,1
DA:119,5
LF:41
LH:41
BRDA:19,0,0,1
BRDA:19,0,1,4
BRDA:19,1,0,5
BRDA:19,1,1,5
BRDA:61,2,0,1
BRDA:61,2,1,7
BRDA:61,3,0,8
BRDA:61,3,1,7
BRDA:74,4,0,1
BRDA:74,4,1,6
BRDA:74,5,0,7
BRDA:74,5,1,7
BRDA:74,5,2,6
BRDA:74,5,3,6
BRDA:83,6,0,1
BRDA:83,6,1,5
BRDA:88,7,0,1
BRDA:88,7,1,4
BRDA:95,8,0,1
BRDA:95,8,1,3
BRDA:95,9,0,4
BRDA:95,9,1,3
BRF:22
BRH:22
end_of_record
TN:
SF:src/math/spring-configs.ts
FN:7,(anonymous_0)
FN:22,(anonymous_1)
FN:37,(anonymous_2)
FNF:3
FNH:3
FNDA:1,(anonymous_0)
FNDA:1,(anonymous_1)
FNDA:1,(anonymous_2)
DA:7,1
DA:8,1
DA:22,1
DA:23,1
DA:37,1
DA:38,1
LF:6
LH:6
BRF:0
BRH:0
end_of_record
